Started by user Maryna Yatskevych
Running as SYSTEM
Building remotely on slave1 in workspace /Users/maryna/Desktop/jenkins-slave/workspace/helloci-build
The recommended git tool is: NONE
No credentials specified
Cloning the remote Git repository
Cloning repository https://github.com/vitalliuss/helloci.git
 > git init /Users/maryna/Desktop/jenkins-slave/workspace/helloci-build # timeout=10
Fetching upstream changes from https://github.com/vitalliuss/helloci.git
 > git --version # timeout=10
 > git --version # 'git version 2.39.3 (Apple Git-146)'
 > git fetch --tags --force --progress -- https://github.com/vitalliuss/helloci.git +refs/heads/*:refs/remotes/origin/* # timeout=10
 > git config remote.origin.url https://github.com/vitalliuss/helloci.git # timeout=10
 > git config --add remote.origin.fetch +refs/heads/*:refs/remotes/origin/* # timeout=10
Avoid second fetch
 > git rev-parse refs/remotes/origin/master^{commit} # timeout=10
Checking out Revision 71518a34152cb6c6039a2443ced60af30a31f14c (refs/remotes/origin/master)
 > git config core.sparsecheckout # timeout=10
 > git checkout -f 71518a34152cb6c6039a2443ced60af30a31f14c # timeout=10
Commit message: "Merge pull request #16 from EvgeniyRozhenko/fix-pom-utf8"
First time build. Skipping changelog.
[helloci-build] $ mvn -f Java/pom.xml clean install
[INFO] Scanning for projects...
[INFO] 
[INFO] ---------------< com.github.vitalliuss.helloci:hello-ci >---------------
[INFO] Building hello-ci 1.0-SNAPSHOT
[INFO]   from pom.xml
[INFO] --------------------------------[ jar ]---------------------------------
Downloading from central: https://repo.maven.apache.org/maven2/org/apache/maven/plugins/maven-surefire-plugin/3.0.0-M1/maven-surefire-plugin-3.0.0-M1.pom
Progress (1): 1.4/6.4 kBProgress (1): 2.8/6.4 kBProgress (1): 4.1/6.4 kBProgress (1): 5.5/6.4 kBProgress (1): 6.4 kB                        Downloaded from central: https://repo.maven.apache.org/maven2/org/apache/maven/plugins/maven-surefire-plugin/3.0.0-M1/maven-surefire-plugin-3.0.0-M1.pom (6.4 kB at 12 kB/s)
Downloading from central: https://repo.maven.apache.org/maven2/org/apache/maven/surefire/surefire/3.0.0-M1/surefire-3.0.0-M1.pom
Progress (1): 1.4/22 kBProgress (1): 2.8/22 kBProgress (1): 4.1/22 kBProgress (1): 5.5/22 kBProgress (1): 6.9/22 kBProgress (1): 8.3/22 kBProgress (1): 9.7/22 kBProgress (1): 11/22 kB Progress (1): 12/22 kBProgress (1): 14/22 kBProgress (1): 15/22 kBProgress (1): 17/22 kBProgress (1): 18/22 kBProgress (1): 19/22 kBProgress (1): 21/22 kBProgress (1): 22/22 kBProgress (1): 22 kB                      Downloaded from central: https://repo.maven.apache.org/maven2/org/apache/maven/surefire/surefire/3.0.0-M1/surefire-3.0.0-M1.pom (22 kB at 318 kB/s)
Downloading from central: https://repo.maven.apache.org/maven2/org/apache/maven/plugins/maven-surefire-plugin/3.0.0-M1/maven-surefire-plugin-3.0.0-M1.jar
Progress (1): 16/40 kBProgress (1): 33/40 kBProgress (1): 40 kB                      Downloaded from central: https://repo.maven.apache.org/maven2/org/apache/maven/plugins/maven-surefire-plugin/3.0.0-M1/maven-surefire-plugin-3.0.0-M1.jar (40 kB at 579 kB/s)
Downloading from central: https://repo.maven.apache.org/maven2/org/apache/maven/plugins/maven-assembly-plugin/3.1.0/maven-assembly-plugin-3.1.0.pom
Progress (1): 16 kB                   Downloaded from central: https://repo.maven.apache.org/maven2/org/apache/maven/plugins/maven-assembly-plugin/3.1.0/maven-assembly-plugin-3.1.0.pom (16 kB at 293 kB/s)
Downloading from central: https://repo.maven.apache.org/maven2/org/apache/maven/plugins/maven-assembly-plugin/3.1.0/maven-assembly-plugin-3.1.0.jar
Progress (1): 16/241 kBProgress (1): 32/241 kBProgress (1): 49/241 kBProgress (1): 62/241 kBProgress (1): 78/241 kBProgress (1): 95/241 kBProgress (1): 111/241 kBProgress (1): 125/241 kBProgress (1): 141/241 kBProgress (1): 157/241 kBProgress (1): 174/241 kBProgress (1): 190/241 kBProgress (1): 206/241 kBProgress (1): 223/241 kBProgress (1): 239/241 kBProgress (1): 241 kB                        Downloaded from central: https://repo.maven.apache.org/maven2/org/apache/maven/plugins/maven-assembly-plugin/3.1.0/maven-assembly-plugin-3.1.0.jar (241 kB at 2.1 MB/s)
Downloading from central: https://repo.maven.apache.org/maven2/org/codehaus/mojo/cobertura-maven-plugin/2.7/cobertura-maven-plugin-2.7.pom
Progress (1): 13 kB                   Downloaded from central: https://repo.maven.apache.org/maven2/org/codehaus/mojo/cobertura-maven-plugin/2.7/cobertura-maven-plugin-2.7.pom (13 kB at 272 kB/s)
Downloading from central: https://repo.maven.apache.org/maven2/org/codehaus/mojo/cobertura-maven-plugin/2.7/cobertura-maven-plugin-2.7.jar
Progress (1): 16/57 kBProgress (1): 33/57 kBProgress (1): 49/57 kBProgress (1): 57 kB                      Downloaded from central: https://repo.maven.apache.org/maven2/org/codehaus/mojo/cobertura-maven-plugin/2.7/cobertura-maven-plugin-2.7.jar (57 kB at 425 kB/s)
[INFO] 
[INFO] --- clean:3.2.0:clean (default-clean) @ hello-ci ---
[INFO] 
[INFO] --- resources:3.3.1:resources (default-resources) @ hello-ci ---
[INFO] skip non existing resourceDirectory /Users/maryna/Desktop/jenkins-slave/workspace/helloci-build/Java/src/main/resources
[INFO] 
[INFO] --- compiler:3.13.0:compile (default-compile) @ hello-ci ---
[INFO] Recompiling the module because of changed source code.
[INFO] Compiling 2 source files with javac [debug target 1.8] to target/classes
[WARNING] bootstrap class path is not set in conjunction with -source 8
  not setting the bootstrap class path may lead to class files that cannot run on JDK 8
    --release 8 is recommended instead of -source 8 -target 1.8 because it sets the bootstrap class path automatically
[WARNING] source value 8 is obsolete and will be removed in a future release
[WARNING] target value 8 is obsolete and will be removed in a future release
[WARNING] To suppress warnings about obsolete options, use -Xlint:-options.
[INFO] 
[INFO] --- resources:3.3.1:testResources (default-testResources) @ hello-ci ---
[INFO] skip non existing resourceDirectory /Users/maryna/Desktop/jenkins-slave/workspace/helloci-build/Java/src/test/resources
[INFO] 
[INFO] --- compiler:3.13.0:testCompile (default-testCompile) @ hello-ci ---
[INFO] Recompiling the module because of changed dependency.
[INFO] Compiling 1 source file with javac [debug target 1.8] to target/test-classes
[WARNING] bootstrap class path is not set in conjunction with -source 8
  not setting the bootstrap class path may lead to class files that cannot run on JDK 8
    --release 8 is recommended instead of -source 8 -target 1.8 because it sets the bootstrap class path automatically
[WARNING] source value 8 is obsolete and will be removed in a future release
[WARNING] target value 8 is obsolete and will be removed in a future release
[WARNING] To suppress warnings about obsolete options, use -Xlint:-options.
[INFO] 
[INFO] --- surefire:3.0.0-M1:test (default-test) @ hello-ci ---
Downloading from central: https://repo.maven.apache.org/maven2/org/apache/maven/surefire/maven-surefire-common/3.0.0-M1/maven-surefire-common-3.0.0-M1.pom
Progress (1): 9.7 kB                    Downloaded from central: https://repo.maven.apache.org/maven2/org/apache/maven/surefire/maven-surefire-common/3.0.0-M1/maven-surefire-common-3.0.0-M1.pom (9.7 kB at 176 kB/s)
Downloading from central: https://repo.maven.apache.org/maven2/org/apache/maven/surefire/surefire-api/3.0.0-M1/surefire-api-3.0.0-M1.pom
Progress (1): 3.5 kB                    Downloaded from central: https://repo.maven.apache.org/maven2/org/apache/maven/surefire/surefire-api/3.0.0-M1/surefire-api-3.0.0-M1.pom (3.5 kB at 28 kB/s)
Downloading from central: https://repo.maven.apache.org/maven2/org/apache/maven/surefire/surefire-logger-api/3.0.0-M1/surefire-logger-api-3.0.0-M1.pom
Progress (1): 2.0 kB                    Downloaded from central: https://repo.maven.apache.org/maven2/org/apache/maven/surefire/surefire-logger-api/3.0.0-M1/surefire-logger-api-3.0.0-M1.pom (2.0 kB at 43 kB/s)
Downloading from central: https://repo.maven.apache.org/maven2/org/apache/maven/surefire/surefire-booter/3.0.0-M1/surefire-booter-3.0.0-M1.pom
Progress (1): 7.4 kB                    Downloaded from central: https://repo.maven.apache.org/maven2/org/apache/maven/surefire/surefire-booter/3.0.0-M1/surefire-booter-3.0.0-M1.pom (7.4 kB at 160 kB/s)
Downloading from central: https://repo.maven.apache.org/maven2/org/codehaus/plexus/plexus-java/0.9.11/plexus-java-0.9.11.pom
Progress (1): 4.6 kB                    Downloaded from central: https://repo.maven.apache.org/maven2/org/codehaus/plexus/plexus-java/0.9.11/plexus-java-0.9.11.pom (4.6 kB at 100 kB/s)
Downloading from central: https://repo.maven.apache.org/maven2/org/codehaus/plexus/plexus-languages/0.9.11/plexus-languages-0.9.11.pom
Progress (1): 4.1 kB                    Downloaded from central: https://repo.maven.apache.org/maven2/org/codehaus/plexus/plexus-languages/0.9.11/plexus-languages-0.9.11.pom (4.1 kB at 87 kB/s)
Downloading from central: https://repo.maven.apache.org/maven2/org/apache/maven/surefire/maven-surefire-common/3.0.0-M1/maven-surefire-common-3.0.0-M1.jar
Progress (1): 8.9/625 kBProgress (1): 25/625 kB Progress (1): 42/625 kBProgress (1): 58/625 kBProgress (1): 63/625 kBProgress (1): 79/625 kBProgress (1): 96/625 kBProgress (1): 112/625 kBProgress (1): 129/625 kBProgress (1): 145/625 kBProgress (1): 161/625 kBProgress (1): 178/625 kBProgress (1): 194/625 kBProgress (1): 210/625 kBProgress (1): 227/625 kBProgress (1): 243/625 kBProgress (1): 260/625 kBProgress (1): 276/625 kBProgress (1): 292/625 kBProgress (1): 309/625 kBProgress (1): 325/625 kBProgress (1): 342/625 kBProgress (1): 358/625 kBProgress (1): 374/625 kBProgress (1): 391/625 kBProgress (1): 407/625 kBProgress (1): 423/625 kBProgress (1): 440/625 kBProgress (1): 456/625 kBProgress (1): 473/625 kBProgress (1): 489/625 kBProgress (1): 505/625 kBProgress (1): 522/625 kBProgress (1): 538/625 kBProgress (1): 555/625 kBProgress (1): 571/625 kBProgress (1): 587/625 kBProgress (1): 604/625 kBProgress (1): 620/625 kBProgress (1): 625 kB                        Downloaded from central: https://repo.maven.apache.org/maven2/org/apache/maven/surefire/maven-surefire-common/3.0.0-M1/maven-surefire-common-3.0.0-M1.jar (625 kB at 3.5 MB/s)
Downloading from central: https://repo.maven.apache.org/maven2/org/apache/maven/surefire/surefire-api/3.0.0-M1/surefire-api-3.0.0-M1.jar
Downloading from central: https://repo.maven.apache.org/maven2/org/apache/maven/surefire/surefire-logger-api/3.0.0-M1/surefire-logger-api-3.0.0-M1.jar
Downloading from central: https://repo.maven.apache.org/maven2/org/apache/maven/surefire/surefire-booter/3.0.0-M1/surefire-booter-3.0.0-M1.jar
Downloading from central: https://repo.maven.apache.org/maven2/org/codehaus/plexus/plexus-java/0.9.11/plexus-java-0.9.11.jar
Progress (1): 13 kB                   Downloaded from central: https://repo.maven.apache.org/maven2/org/apache/maven/surefire/surefire-logger-api/3.0.0-M1/surefire-logger-api-3.0.0-M1.jar (13 kB at 280 kB/s)
Progress (1): 1.4/50 kBProgress (1): 2.8/50 kBProgress (1): 4.1/50 kBProgress (2): 4.1/50 kB | 1.4/312 kBProgress (2): 5.5/50 kB | 1.4/312 kBProgress (3): 5.5/50 kB | 1.4/312 kB | 1.4/178 kBProgress (3): 6.9/50 kB | 1.4/312 kB | 1.4/178 kBProgress (3): 6.9/50 kB | 2.8/312 kB | 1.4/178 kBProgress (3): 8.3/50 kB | 2.8/312 kB | 1.4/178 kBProgress (3): 8.3/50 kB | 2.8/312 kB | 2.8/178 kBProgress (3): 8.3/50 kB | 4.1/312 kB | 2.8/178 kBProgress (3): 9.7/50 kB | 4.1/312 kB | 2.8/178 kBProgress (3): 9.7/50 kB | 5.5/312 kB | 2.8/178 kBProgress (3): 9.7/50 kB | 5.5/312 kB | 4.1/178 kBProgress (3): 11/50 kB | 5.5/312 kB | 4.1/178 kB Progress (3): 11/50 kB | 5.5/312 kB | 5.5/178 kBProgress (3): 11/50 kB | 6.9/312 kB | 5.5/178 kBProgress (3): 11/50 kB | 8.3/312 kB | 5.5/178 kBProgress (3): 11/50 kB | 8.3/312 kB | 6.9/178 kBProgress (3): 11/50 kB | 9.7/312 kB | 6.9/178 kBProgress (3): 11/50 kB | 11/312 kB | 6.9/178 kB Progress (3): 11/50 kB | 11/312 kB | 8.3/178 kBProgress (3): 11/50 kB | 11/312 kB | 9.7/178 kBProgress (3): 12/50 kB | 11/312 kB | 9.7/178 kBProgress (3): 12/50 kB | 11/312 kB | 11/178 kB Progress (3): 12/50 kB | 12/312 kB | 11/178 kBProgress (3): 14/50 kB | 12/312 kB | 11/178 kBProgress (3): 14/50 kB | 14/312 kB | 11/178 kBProgress (3): 14/50 kB | 14/312 kB | 12/178 kBProgress (3): 14/50 kB | 14/312 kB | 14/178 kBProgress (3): 15/50 kB | 14/312 kB | 14/178 kBProgress (3): 15/50 kB | 15/312 kB | 14/178 kBProgress (3): 17/50 kB | 15/312 kB | 14/178 kBProgress (3): 17/50 kB | 16/312 kB | 14/178 kBProgress (3): 17/50 kB | 16/312 kB | 15/178 kBProgress (3): 18/50 kB | 16/312 kB | 15/178 kBProgress (3): 19/50 kB | 16/312 kB | 15/178 kBProgress (3): 19/50 kB | 16/312 kB | 16/178 kBProgress (3): 21/50 kB | 16/312 kB | 16/178 kBProgress (3): 22/50 kB | 16/312 kB | 16/178 kBProgress (3): 23/50 kB | 16/312 kB | 16/178 kBProgress (3): 25/50 kB | 16/312 kB | 16/178 kBProgress (3): 26/50 kB | 16/312 kB | 16/178 kBProgress (3): 28/50 kB | 16/312 kB | 16/178 kBProgress (3): 29/50 kB | 16/312 kB | 16/178 kBProgress (3): 30/50 kB | 16/312 kB | 16/178 kBProgress (3): 32/50 kB | 16/312 kB | 16/178 kBProgress (3): 32/50 kB | 33/312 kB | 16/178 kBProgress (3): 33/50 kB | 33/312 kB | 16/178 kBProgress (3): 33/50 kB | 33/312 kB | 33/178 kBProgress (3): 34/50 kB | 33/312 kB | 33/178 kBProgress (3): 36/50 kB | 33/312 kB | 33/178 kBProgress (3): 37/50 kB | 33/312 kB | 33/178 kBProgress (3): 39/50 kB | 33/312 kB | 33/178 kBProgress (3): 40/50 kB | 33/312 kB | 33/178 kBProgress (3): 41/50 kB | 33/312 kB | 33/178 kBProgress (3): 43/50 kB | 33/312 kB | 33/178 kBProgress (3): 44/50 kB | 33/312 kB | 33/178 kBProgress (3): 46/50 kB | 33/312 kB | 33/178 kBProgress (3): 47/50 kB | 33/312 kB | 33/178 kBProgress (3): 48/50 kB | 33/312 kB | 33/178 kBProgress (3): 50/50 kB | 33/312 kB | 33/178 kBProgress (3): 50/50 kB | 33/312 kB | 49/178 kBProgress (3): 50 kB | 33/312 kB | 49/178 kB   Progress (3): 50 kB | 49/312 kB | 49/178 kB                                           Downloaded from central: https://repo.maven.apache.org/maven2/org/codehaus/plexus/plexus-java/0.9.11/plexus-java-0.9.11.jar (50 kB at 274 kB/s)
Progress (2): 66/312 kB | 49/178 kBProgress (2): 66/312 kB | 66/178 kBProgress (2): 82/312 kB | 66/178 kBProgress (2): 82/312 kB | 82/178 kBProgress (2): 82/312 kB | 98/178 kBProgress (2): 98/312 kB | 98/178 kBProgress (2): 98/312 kB | 115/178 kBProgress (2): 115/312 kB | 115/178 kBProgress (2): 115/312 kB | 131/178 kBProgress (2): 131/312 kB | 131/178 kBProgress (2): 147/312 kB | 131/178 kBProgress (2): 147/312 kB | 147/178 kBProgress (2): 147/312 kB | 164/178 kBProgress (2): 164/312 kB | 164/178 kBProgress (2): 164/312 kB | 178 kB    Progress (2): 180/312 kB | 178 kB                                 Downloaded from central: https://repo.maven.apache.org/maven2/org/apache/maven/surefire/surefire-api/3.0.0-M1/surefire-api-3.0.0-M1.jar (178 kB at 754 kB/s)
Progress (1): 197/312 kBProgress (1): 213/312 kBProgress (1): 229/312 kBProgress (1): 246/312 kBProgress (1): 262/312 kBProgress (1): 279/312 kBProgress (1): 295/312 kBProgress (1): 311/312 kBProgress (1): 312 kB                        Downloaded from central: https://repo.maven.apache.org/maven2/org/apache/maven/surefire/surefire-booter/3.0.0-M1/surefire-booter-3.0.0-M1.jar (312 kB at 1.2 MB/s)
Downloading from central: https://repo.maven.apache.org/maven2/org/apache/maven/surefire/surefire-junit4/3.0.0-M1/surefire-junit4-3.0.0-M1.jar
Progress (1): 16/17 kBProgress (1): 17 kB                      Downloaded from central: https://repo.maven.apache.org/maven2/org/apache/maven/surefire/surefire-junit4/3.0.0-M1/surefire-junit4-3.0.0-M1.jar (17 kB at 344 kB/s)
Downloading from central: https://repo.maven.apache.org/maven2/org/apache/maven/surefire/surefire-junit4/3.0.0-M1/surefire-junit4-3.0.0-M1.pom
Progress (1): 1.7 kB                    Downloaded from central: https://repo.maven.apache.org/maven2/org/apache/maven/surefire/surefire-junit4/3.0.0-M1/surefire-junit4-3.0.0-M1.pom (1.7 kB at 13 kB/s)
Downloading from central: https://repo.maven.apache.org/maven2/org/apache/maven/surefire/surefire-providers/3.0.0-M1/surefire-providers-3.0.0-M1.pom
Progress (1): 2.5 kB                    Downloaded from central: https://repo.maven.apache.org/maven2/org/apache/maven/surefire/surefire-providers/3.0.0-M1/surefire-providers-3.0.0-M1.pom (2.5 kB at 53 kB/s)
Downloading from central: https://repo.maven.apache.org/maven2/org/apache/maven/surefire/common-junit4/3.0.0-M1/common-junit4-3.0.0-M1.pom
Progress (1): 2.1 kB                    Downloaded from central: https://repo.maven.apache.org/maven2/org/apache/maven/surefire/common-junit4/3.0.0-M1/common-junit4-3.0.0-M1.pom (2.1 kB at 43 kB/s)
Downloading from central: https://repo.maven.apache.org/maven2/org/apache/maven/surefire/common-junit3/3.0.0-M1/common-junit3-3.0.0-M1.pom
Progress (1): 1.6 kB                    Downloaded from central: https://repo.maven.apache.org/maven2/org/apache/maven/surefire/common-junit3/3.0.0-M1/common-junit3-3.0.0-M1.pom (1.6 kB at 34 kB/s)
Downloading from central: https://repo.maven.apache.org/maven2/org/apache/maven/surefire/common-java5/3.0.0-M1/common-java5-3.0.0-M1.pom
Progress (1): 3.1 kB                    Downloaded from central: https://repo.maven.apache.org/maven2/org/apache/maven/surefire/common-java5/3.0.0-M1/common-java5-3.0.0-M1.pom (3.1 kB at 67 kB/s)
Downloading from central: https://repo.maven.apache.org/maven2/org/apache/maven/surefire/common-junit4/3.0.0-M1/common-junit4-3.0.0-M1.jar
Downloading from central: https://repo.maven.apache.org/maven2/org/apache/maven/surefire/common-junit3/3.0.0-M1/common-junit3-3.0.0-M1.jar
Downloading from central: https://repo.maven.apache.org/maven2/org/apache/maven/surefire/common-java5/3.0.0-M1/common-java5-3.0.0-M1.jar
Progress (1): 12 kB                   Downloaded from central: https://repo.maven.apache.org/maven2/org/apache/maven/surefire/common-junit3/3.0.0-M1/common-junit3-3.0.0-M1.jar (12 kB at 247 kB/s)
Progress (1): 16/28 kBProgress (1): 28 kB   Progress (2): 28 kB | 16/32 kB                              Downloaded from central: https://repo.maven.apache.org/maven2/org/apache/maven/surefire/common-junit4/3.0.0-M1/common-junit4-3.0.0-M1.jar (28 kB at 552 kB/s)
Progress (1): 32 kB                   Downloaded from central: https://repo.maven.apache.org/maven2/org/apache/maven/surefire/common-java5/3.0.0-M1/common-java5-3.0.0-M1.jar (32 kB at 606 kB/s)
[INFO] 
[INFO] -------------------------------------------------------
[INFO]  T E S T S
[INFO] -------------------------------------------------------
[INFO] Running com.github.vitalliuss.helloci.AppTest
[ERROR] Tests run: 5, Failures: 1, Errors: 0, Skipped: 1, Time elapsed: 0.061 s <<< FAILURE! - in com.github.vitalliuss.helloci.AppTest
[ERROR] testShouldBeFailed(com.github.vitalliuss.helloci.AppTest)  Time elapsed: 0.008 s  <<< FAILURE!
java.lang.AssertionError
	at com.github.vitalliuss.helloci.AppTest.testShouldBeFailed(AppTest.java:21)

[INFO] 
[INFO] Results:
[INFO] 
[ERROR] Failures: 
[ERROR]   AppTest.testShouldBeFailed:21
[INFO] 
[ERROR] Tests run: 5, Failures: 1, Errors: 0, Skipped: 1
[INFO] 
[INFO] ------------------------------------------------------------------------
[INFO] BUILD FAILURE
[INFO] ------------------------------------------------------------------------
[INFO] Total time:  4.650 s
[INFO] Finished at: 2025-05-25T19:50:53+03:00
[INFO] ------------------------------------------------------------------------
[ERROR] Failed to execute goal org.apache.maven.plugins:maven-surefire-plugin:3.0.0-M1:test (default-test) on project hello-ci: There are test failures.
[ERROR] 
[ERROR] Please refer to /Users/maryna/Desktop/jenkins-slave/workspace/helloci-build/Java/target/surefire-reports for the individual test results.
[ERROR] Please refer to dump files (if any exist) [date].dump, [date]-jvmRun[N].dump and [date].dumpstream.
[ERROR] -> [Help 1]
[ERROR] 
[ERROR] To see the full stack trace of the errors, re-run Maven with the -e switch.
[ERROR] Re-run Maven using the -X switch to enable full debug logging.
[ERROR] 
[ERROR] For more information about the errors and possible solutions, please read the following articles:
[ERROR] [Help 1] http://cwiki.apache.org/confluence/display/MAVEN/MojoFailureException
Build step 'Invoke top-level Maven targets' marked build as failure
Finished: FAILURE
